[2024-12-10 23:19:21,040] 97 werkzeug - INFO - [31m[1mWARNING: This is a development server. Do not use it in a production deployment. Use a production WSGI server instead.[0m
 * Running on all addresses (0.0.0.0)
 * Running on http://127.0.0.1:5000
 * Running on http://192.168.70.95:5000
[2024-12-10 23:19:21,040] 97 werkzeug - INFO - [33mPress CTRL+C to quit[0m
[2024-12-10 23:19:30,801] 97 werkzeug - INFO - 127.0.0.1 - - [10/Dec/2024 23:19:30] "GET /predictdata HTTP/1.1" 200 -
[2024-12-10 23:20:07,849] 838 app - ERROR - Exception on /predictdata [POST]
Traceback (most recent call last):
  File "C:\ProgramData\anaconda3\Lib\site-packages\flask\app.py", line 1473, in wsgi_app
    response = self.full_dispatch_request()
               ^^^^^^^^^^^^^^^^^^^^^^^^^^^^
  File "C:\ProgramData\anaconda3\Lib\site-packages\flask\app.py", line 882, in full_dispatch_request
    rv = self.handle_user_exception(e)
         ^^^^^^^^^^^^^^^^^^^^^^^^^^^^^
  File "C:\ProgramData\anaconda3\Lib\site-packages\flask\app.py", line 880, in full_dispatch_request
    rv = self.dispatch_request()
         ^^^^^^^^^^^^^^^^^^^^^^^
  File "C:\ProgramData\anaconda3\Lib\site-packages\flask\app.py", line 865, in dispatch_request
    return self.ensure_sync(self.view_functions[rule.endpoint])(**view_args)  # type: ignore[no-any-return]
           ^^^^^^^^^^^^^^^^^^^^^^^^^^^^^^^^^^^^^^^^^^^^^^^^^^^^^^^^^^^^^^^^^
  File "C:\Users\RAZER BLADE\Downloads\AI Path\Ml projects\Diabetes\app.py", line 23, in predict_datapoint
    data=CustomData(
         ^^^^^^^^^^^
TypeError: CustomData.__init__() missing 1 required positional argument: 'BloodPressure'
[2024-12-10 23:20:07,853] 97 werkzeug - INFO - 127.0.0.1 - - [10/Dec/2024 23:20:07] "[35m[1mPOST /predictdata HTTP/1.1[0m" 500 -
[2024-12-10 23:20:21,393] 838 app - ERROR - Exception on /predictdata [POST]
Traceback (most recent call last):
  File "C:\ProgramData\anaconda3\Lib\site-packages\flask\app.py", line 1473, in wsgi_app
    response = self.full_dispatch_request()
               ^^^^^^^^^^^^^^^^^^^^^^^^^^^^
  File "C:\ProgramData\anaconda3\Lib\site-packages\flask\app.py", line 882, in full_dispatch_request
    rv = self.handle_user_exception(e)
         ^^^^^^^^^^^^^^^^^^^^^^^^^^^^^
  File "C:\ProgramData\anaconda3\Lib\site-packages\flask\app.py", line 880, in full_dispatch_request
    rv = self.dispatch_request()
         ^^^^^^^^^^^^^^^^^^^^^^^
  File "C:\ProgramData\anaconda3\Lib\site-packages\flask\app.py", line 865, in dispatch_request
    return self.ensure_sync(self.view_functions[rule.endpoint])(**view_args)  # type: ignore[no-any-return]
           ^^^^^^^^^^^^^^^^^^^^^^^^^^^^^^^^^^^^^^^^^^^^^^^^^^^^^^^^^^^^^^^^^
  File "C:\Users\RAZER BLADE\Downloads\AI Path\Ml projects\Diabetes\app.py", line 23, in predict_datapoint
    data=CustomData(
         ^^^^^^^^^^^
TypeError: CustomData.__init__() missing 1 required positional argument: 'BloodPressure'
[2024-12-10 23:20:21,394] 97 werkzeug - INFO - 127.0.0.1 - - [10/Dec/2024 23:20:21] "[35m[1mPOST /predictdata HTTP/1.1[0m" 500 -
